{"/Users/loup/dev/logmon-ts/src/Renderer.ts": {"path":"/Users/loup/dev/logmon-ts/src/Renderer.ts","statementMap":{"0":{"start":{"line":1,"column":0},"end":{"line":1,"column":53}},"1":{"start":{"line":8,"column":12},"end":{"line":8,"column":42}},"2":{"start":{"line":9,"column":12},"end":{"line":9,"column":29}},"3":{"start":{"line":10,"column":12},"end":{"line":10,"column":36}},"4":{"start":{"line":16,"column":8},"end":{"line":16,"column":39}},"5":{"start":{"line":17,"column":8},"end":{"line":17,"column":39}},"6":{"start":{"line":18,"column":8},"end":{"line":18,"column":23}},"7":{"start":{"line":22,"column":63},"end":{"line":22,"column":67}},"8":{"start":{"line":23,"column":8},"end":{"line":23,"column":90}},"9":{"start":{"line":24,"column":8},"end":{"line":24,"column":68}},"10":{"start":{"line":25,"column":8},"end":{"line":25,"column":30}},"11":{"start":{"line":26,"column":8},"end":{"line":26,"column":30}},"12":{"start":{"line":7,"column":0},"end":{"line":7,"column":13}}},"fnMap":{"0":{"name":"(anonymous_0)","decl":{"start":{"line":15,"column":4},"end":{"line":15,"column":16}},"loc":{"start":{"line":15,"column":86},"end":{"line":19,"column":5}}},"1":{"name":"(anonymous_1)","decl":{"start":{"line":21,"column":11},"end":{"line":21,"column":18}},"loc":{"start":{"line":21,"column":35},"end":{"line":27,"column":5}}}},"branchMap":{},"s":{"0":0,"1":0,"2":0,"3":0,"4":0,"5":0,"6":0,"7":0,"8":0,"9":0,"10":0,"11":0,"12":0},"f":{"0":0,"1":0},"b":{}}
,"/Users/loup/dev/logmon-ts/src/Container/index.ts": {"path":"/Users/loup/dev/logmon-ts/src/Container/index.ts","statementMap":{"0":{"start":{"line":7,"column":0},"end":{"line":7,"column":76}},"1":{"start":{"line":8,"column":0},"end":{"line":8,"column":56}},"2":{"start":{"line":9,"column":0},"end":{"line":9,"column":72}},"3":{"start":{"line":10,"column":0},"end":{"line":10,"column":59}},"4":{"start":{"line":11,"column":0},"end":{"line":11,"column":62}},"5":{"start":{"line":12,"column":0},"end":{"line":12,"column":40}},"6":{"start":{"line":13,"column":0},"end":{"line":13,"column":61}},"7":{"start":{"line":14,"column":0},"end":{"line":14,"column":62}},"8":{"start":{"line":26,"column":38},"end":{"line":26,"column":80}},"9":{"start":{"line":27,"column":38},"end":{"line":27,"column":77}},"10":{"start":{"line":28,"column":4},"end":{"line":28,"column":55}},"11":{"start":{"line":32,"column":4},"end":{"line":32,"column":38}},"12":{"start":{"line":36,"column":4},"end":{"line":37,"column":51}},"13":{"start":{"line":37,"column":8},"end":{"line":37,"column":50}},"14":{"start":{"line":41,"column":4},"end":{"line":41,"column":50}},"15":{"start":{"line":44,"column":13},"end":{"line":49,"column":2}}},"fnMap":{"0":{"name":"createLogWatcher","decl":{"start":{"line":25,"column":9},"end":{"line":25,"column":25}},"loc":{"start":{"line":25,"column":42},"end":{"line":29,"column":1}}},"1":{"name":"createTimerMonitor","decl":{"start":{"line":31,"column":9},"end":{"line":31,"column":27}},"loc":{"start":{"line":31,"column":44},"end":{"line":33,"column":1}}},"2":{"name":"createMainReducer","decl":{"start":{"line":35,"column":9},"end":{"line":35,"column":26}},"loc":{"start":{"line":35,"column":26},"end":{"line":38,"column":1}}},"3":{"name":"(anonymous_3)","decl":{"start":{"line":36,"column":11},"end":{"line":36,"column":12}},"loc":{"start":{"line":37,"column":8},"end":{"line":37,"column":50}}},"4":{"name":"createGui","decl":{"start":{"line":40,"column":9},"end":{"line":40,"column":18}},"loc":{"start":{"line":40,"column":18},"end":{"line":42,"column":1}}}},"branchMap":{},"s":{"0":1,"1":1,"2":1,"3":1,"4":1,"5":1,"6":1,"7":1,"8":1,"9":1,"10":1,"11":1,"12":1,"13":0,"14":1,"15":1},"f":{"0":1,"1":1,"2":1,"3":0,"4":1},"b":{}}
,"/Users/loup/dev/logmon-ts/src/Container/nodeFs.ts": {"path":"/Users/loup/dev/logmon-ts/src/Container/nodeFs.ts","statementMap":{"0":{"start":{"line":1,"column":0},"end":{"line":1,"column":25}},"1":{"start":{"line":4,"column":13},"end":{"line":7,"column":2}}},"fnMap":{},"branchMap":{},"s":{"0":2,"1":2},"f":{},"b":{}}
,"/Users/loup/dev/logmon-ts/src/FileSystem/PollingFileWatcher.ts": {"path":"/Users/loup/dev/logmon-ts/src/FileSystem/PollingFileWatcher.ts","statementMap":{"0":{"start":{"line":13,"column":12},"end":{"line":13,"column":36}},"1":{"start":{"line":18,"column":8},"end":{"line":18,"column":109}},"2":{"start":{"line":18,"column":30},"end":{"line":18,"column":109}},"3":{"start":{"line":20,"column":8},"end":{"line":20,"column":21}},"4":{"start":{"line":21,"column":8},"end":{"line":21,"column":33}},"5":{"start":{"line":22,"column":8},"end":{"line":22,"column":41}},"6":{"start":{"line":27,"column":26},"end":{"line":27,"column":57}},"7":{"start":{"line":30,"column":16},"end":{"line":30,"column":47}},"8":{"start":{"line":31,"column":16},"end":{"line":31,"column":49}},"9":{"start":{"line":35,"column":8},"end":{"line":35,"column":71}},"10":{"start":{"line":10,"column":0},"end":{"line":10,"column":13}}},"fnMap":{"0":{"name":"(anonymous_0)","decl":{"start":{"line":17,"column":4},"end":{"line":17,"column":16}},"loc":{"start":{"line":17,"column":78},"end":{"line":23,"column":5}}},"1":{"name":"(anonymous_1)","decl":{"start":{"line":25,"column":11},"end":{"line":25,"column":16}},"loc":{"start":{"line":25,"column":68},"end":{"line":36,"column":5}}}},"branchMap":{"0":{"loc":{"start":{"line":17,"column":74},"end":{"line":17,"column":78}},"type":"default-arg","locations":[{"start":{"line":17,"column":74},"end":{"line":17,"column":78}}]},"1":{"loc":{"start":{"line":18,"column":8},"end":{"line":18,"column":109}},"type":"if","locations":[{"start":{"line":18,"column":8},"end":{"line":18,"column":109}},{"start":{"line":18,"column":8},"end":{"line":18,"column":109}}]}},"s":{"0":8,"1":8,"2":1,"3":7,"4":7,"5":7,"6":16,"7":7,"8":7,"9":19,"10":3},"f":{"0":8,"1":19},"b":{"0":[6],"1":[1,7]}}
,"/Users/loup/dev/logmon-ts/src/FileSystem/index.ts": {"path":"/Users/loup/dev/logmon-ts/src/FileSystem/index.ts","statementMap":{"0":{"start":{"line":3,"column":0},"end":{"line":3,"column":37}},"1":{"start":{"line":6,"column":0},"end":{"line":6,"column":28}}},"fnMap":{},"branchMap":{},"s":{"0":1,"1":1},"f":{},"b":{}}
,"/Users/loup/dev/logmon-ts/src/FileSystem/readBlock.ts": {"path":"/Users/loup/dev/logmon-ts/src/FileSystem/readBlock.ts","statementMap":{"0":{"start":{"line":1,"column":0},"end":{"line":1,"column":38}},"1":{"start":{"line":2,"column":0},"end":{"line":2,"column":37}},"2":{"start":{"line":5,"column":13},"end":{"line":13,"column":2}},"3":{"start":{"line":6,"column":23},"end":{"line":6,"column":56}},"4":{"start":{"line":7,"column":19},"end":{"line":7,"column":55}},"5":{"start":{"line":8,"column":4},"end":{"line":12,"column":7}},"6":{"start":{"line":10,"column":12},"end":{"line":10,"column":26}}},"fnMap":{"0":{"name":"(anonymous_0)","decl":{"start":{"line":5,"column":38},"end":{"line":5,"column":39}},"loc":{"start":{"line":5,"column":67},"end":{"line":13,"column":1}}},"1":{"name":"(anonymous_1)","decl":{"start":{"line":8,"column":31},"end":{"line":8,"column":32}},"loc":{"start":{"line":8,"column":40},"end":{"line":12,"column":5}}}},"branchMap":{},"s":{"0":2,"1":2,"2":2,"3":1,"4":1,"5":1,"6":1},"f":{"0":1,"1":1},"b":{}}
,"/Users/loup/dev/logmon-ts/src/GUI/render.ts": {"path":"/Users/loup/dev/logmon-ts/src/GUI/render.ts","statementMap":{"0":{"start":{"line":3,"column":0},"end":{"line":3,"column":34}},"1":{"start":{"line":5,"column":13},"end":{"line":6,"column":43}},"2":{"start":{"line":6,"column":4},"end":{"line":6,"column":42}},"3":{"start":{"line":9,"column":4},"end":{"line":10,"column":47}},"4":{"start":{"line":8,"column":0},"end":{"line":8,"column":16}},"5":{"start":{"line":21,"column":28},"end":{"line":21,"column":47}},"6":{"start":{"line":23,"column":12},"end":{"line":23,"column":null}},"7":{"start":{"line":25,"column":8},"end":{"line":25,"column":18}},"8":{"start":{"line":28,"column":25},"end":{"line":29,"column":97}},"9":{"start":{"line":29,"column":8},"end":{"line":29,"column":97}},"10":{"start":{"line":31,"column":27},"end":{"line":32,"column":47}},"11":{"start":{"line":32,"column":8},"end":{"line":32,"column":47}},"12":{"start":{"line":34,"column":4},"end":{"line":104,"column":null}},"13":{"start":{"line":36,"column":30},"end":{"line":36,"column":41}},"14":{"start":{"line":37,"column":29},"end":{"line":37,"column":84}},"15":{"start":{"line":38,"column":26},"end":{"line":38,"column":41}},"16":{"start":{"line":39,"column":12},"end":{"line":39,"column":20}},"17":{"start":{"line":42,"column":32},"end":{"line":42,"column":58}},"18":{"start":{"line":44,"column":20},"end":{"line":44,"column":32}},"19":{"start":{"line":45,"column":20},"end":{"line":45,"column":88}},"20":{"start":{"line":46,"column":20},"end":{"line":46,"column":32}},"21":{"start":{"line":48,"column":20},"end":{"line":48,"column":32}},"22":{"start":{"line":49,"column":20},"end":{"line":49,"column":74}},"23":{"start":{"line":50,"column":20},"end":{"line":50,"column":32}},"24":{"start":{"line":54,"column":12},"end":{"line":57,"column":79}},"25":{"start":{"line":59,"column":12},"end":{"line":59,"column":24}},"26":{"start":{"line":60,"column":12},"end":{"line":60,"column":33}},"27":{"start":{"line":61,"column":12},"end":{"line":61,"column":118}},"28":{"start":{"line":62,"column":12},"end":{"line":62,"column":86}},"29":{"start":{"line":63,"column":12},"end":{"line":63,"column":74}},"30":{"start":{"line":66,"column":39},"end":{"line":67,"column":49}},"31":{"start":{"line":67,"column":33},"end":{"line":67,"column":48}},"32":{"start":{"line":69,"column":31},"end":{"line":69,"column":80}},"33":{"start":{"line":69,"column":63},"end":{"line":69,"column":69}},"34":{"start":{"line":70,"column":35},"end":{"line":70,"column":88}},"35":{"start":{"line":70,"column":67},"end":{"line":70,"column":75}},"36":{"start":{"line":71,"column":12},"end":{"line":71,"column":24}},"37":{"start":{"line":72,"column":12},"end":{"line":72,"column":37}},"38":{"start":{"line":73,"column":12},"end":{"line":73,"column":68}},"39":{"start":{"line":74,"column":12},"end":{"line":74,"column":70}},"40":{"start":{"line":75,"column":12},"end":{"line":75,"column":80}},"41":{"start":{"line":76,"column":12},"end":{"line":76,"column":84}},"42":{"start":{"line":77,"column":12},"end":{"line":77,"column":79}},"43":{"start":{"line":81,"column":20},"end":{"line":81,"column":null}},"44":{"start":{"line":85,"column":12},"end":{"line":85,"column":24}},"45":{"start":{"line":86,"column":12},"end":{"line":86,"column":38}},"46":{"start":{"line":87,"column":12},"end":{"line":87,"column":83}},"47":{"start":{"line":88,"column":12},"end":{"line":88,"column":92}},"48":{"start":{"line":90,"column":12},"end":{"line":90,"column":24}},"49":{"start":{"line":91,"column":12},"end":{"line":91,"column":null}},"50":{"start":{"line":92,"column":12},"end":{"line":92,"column":63}},"51":{"start":{"line":93,"column":12},"end":{"line":93,"column":24}},"52":{"start":{"line":95,"column":16},"end":{"line":95,"column":58}},"53":{"start":{"line":97,"column":16},"end":{"line":97,"column":36}},"54":{"start":{"line":100,"column":12},"end":{"line":100,"column":24}},"55":{"start":{"line":101,"column":12},"end":{"line":101,"column":57}},"56":{"start":{"line":102,"column":12},"end":{"line":102,"column":55}},"57":{"start":{"line":17,"column":0},"end":{"line":17,"column":16}}},"fnMap":{"0":{"name":"(anonymous_0)","decl":{"start":{"line":5,"column":29},"end":{"line":5,"column":30}},"loc":{"start":{"line":6,"column":4},"end":{"line":6,"column":42}}},"1":{"name":"getBatch","decl":{"start":{"line":8,"column":16},"end":{"line":8,"column":24}},"loc":{"start":{"line":8,"column":38},"end":{"line":11,"column":1}}},"2":{"name":"createGui","decl":{"start":{"line":17,"column":16},"end":{"line":17,"column":25}},"loc":{"start":{"line":17,"column":77},"end":{"line":105,"column":1}}},"3":{"name":"most","decl":{"start":{"line":20,"column":13},"end":{"line":20,"column":17}},"loc":{"start":{"line":20,"column":113},"end":{"line":26,"column":5}}},"4":{"name":"(anonymous_4)","decl":{"start":{"line":28,"column":25},"end":{"line":28,"column":26}},"loc":{"start":{"line":29,"column":8},"end":{"line":29,"column":97}}},"5":{"name":"(anonymous_5)","decl":{"start":{"line":31,"column":27},"end":{"line":31,"column":28}},"loc":{"start":{"line":32,"column":8},"end":{"line":32,"column":47}}},"6":{"name":"(anonymous_6)","decl":{"start":{"line":35,"column":16},"end":{"line":35,"column":17}},"loc":{"start":{"line":35,"column":98},"end":{"line":103,"column":9}}},"7":{"name":"(anonymous_7)","decl":{"start":{"line":67,"column":21},"end":{"line":67,"column":22}},"loc":{"start":{"line":67,"column":33},"end":{"line":67,"column":48}}},"8":{"name":"(anonymous_8)","decl":{"start":{"line":69,"column":56},"end":{"line":69,"column":57}},"loc":{"start":{"line":69,"column":63},"end":{"line":69,"column":69}}},"9":{"name":"(anonymous_9)","decl":{"start":{"line":70,"column":60},"end":{"line":70,"column":61}},"loc":{"start":{"line":70,"column":67},"end":{"line":70,"column":75}}},"10":{"name":"displaySections","decl":{"start":{"line":79,"column":21},"end":{"line":79,"column":36}},"loc":{"start":{"line":79,"column":67},"end":{"line":83,"column":13}}}},"branchMap":{"0":{"loc":{"start":{"line":6,"column":30},"end":{"line":6,"column":35}},"type":"cond-expr","locations":[{"start":{"line":6,"column":30},"end":{"line":6,"column":35}},{"start":{"line":6,"column":38},"end":{"line":6,"column":42}}]},"1":{"loc":{"start":{"line":9,"column":11},"end":{"line":9,"column":44}},"type":"binary-expr","locations":[{"start":{"line":9,"column":11},"end":{"line":9,"column":44}},{"start":{"line":10,"column":11},"end":{"line":10,"column":46}}]},"2":{"loc":{"start":{"line":43,"column":20},"end":{"line":43,"column":27}},"type":"binary-expr","locations":[{"start":{"line":43,"column":20},"end":{"line":43,"column":27}},{"start":{"line":43,"column":31},"end":{"line":43,"column":55}}]},"3":{"loc":{"start":{"line":47,"column":27},"end":{"line":47,"column":34}},"type":"binary-expr","locations":[{"start":{"line":47,"column":27},"end":{"line":47,"column":34}},{"start":{"line":47,"column":38},"end":{"line":47,"column":64}}]}},"s":{"0":2,"1":2,"2":7,"3":4,"4":2,"5":8,"6":2,"7":6,"8":5,"9":1,"10":5,"11":1,"12":5,"13":4,"14":4,"15":4,"16":4,"17":2,"18":1,"19":1,"20":1,"21":1,"22":1,"23":1,"24":4,"25":4,"26":4,"27":4,"28":4,"29":4,"30":4,"31":2,"32":4,"33":3,"34":4,"35":3,"36":4,"37":4,"38":4,"39":4,"40":4,"41":4,"42":4,"43":2,"44":4,"45":4,"46":4,"47":4,"48":4,"49":4,"50":4,"51":4,"52":1,"53":3,"54":4,"55":4,"56":4,"57":2},"f":{"0":7,"1":4,"2":5,"3":8,"4":1,"5":1,"6":4,"7":2,"8":3,"9":3,"10":4},"b":{"0":[1,6],"1":[4,3],"2":[2,2],"3":[1,1]}}
,"/Users/loup/dev/logmon-ts/src/LogWatcher/LogWatcher.ts": {"path":"/Users/loup/dev/logmon-ts/src/LogWatcher/LogWatcher.ts","statementMap":{"0":{"start":{"line":8,"column":12},"end":{"line":8,"column":41}},"1":{"start":{"line":13,"column":8},"end":{"line":13,"column":31}},"2":{"start":{"line":14,"column":8},"end":{"line":14,"column":31}},"3":{"start":{"line":19,"column":12},"end":{"line":19,"column":34}},"4":{"start":{"line":21,"column":12},"end":{"line":21,"column":54}},"5":{"start":{"line":21,"column":36},"end":{"line":21,"column":52}},"6":{"start":{"line":26,"column":8},"end":{"line":31,"column":11}},"7":{"start":{"line":27,"column":24},"end":{"line":27,"column":43}},"8":{"start":{"line":29,"column":16},"end":{"line":29,"column":33}},"9":{"start":{"line":36,"column":12},"end":{"line":36,"column":25}},"10":{"start":{"line":6,"column":0},"end":{"line":6,"column":13}}},"fnMap":{"0":{"name":"(anonymous_0)","decl":{"start":{"line":12,"column":4},"end":{"line":12,"column":16}},"loc":{"start":{"line":12,"column":63},"end":{"line":15,"column":5}}},"1":{"name":"(anonymous_1)","decl":{"start":{"line":17,"column":11},"end":{"line":17,"column":20}},"loc":{"start":{"line":17,"column":39},"end":{"line":23,"column":5}}},"2":{"name":"(anonymous_2)","decl":{"start":{"line":21,"column":27},"end":{"line":21,"column":28}},"loc":{"start":{"line":21,"column":36},"end":{"line":21,"column":52}}},"3":{"name":"(anonymous_3)","decl":{"start":{"line":25,"column":11},"end":{"line":25,"column":16}},"loc":{"start":{"line":25,"column":16},"end":{"line":32,"column":5}}},"4":{"name":"(anonymous_4)","decl":{"start":{"line":26,"column":27},"end":{"line":26,"column":28}},"loc":{"start":{"line":26,"column":37},"end":{"line":31,"column":9}}},"5":{"name":"(anonymous_5)","decl":{"start":{"line":34,"column":12},"end":{"line":34,"column":18}},"loc":{"start":{"line":34,"column":36},"end":{"line":38,"column":5}}}},"branchMap":{},"s":{"0":6,"1":6,"2":6,"3":3,"4":1,"5":0,"6":3,"7":2,"8":1,"9":1,"10":3},"f":{"0":6,"1":4,"2":0,"3":3,"4":2,"5":1},"b":{}}
,"/Users/loup/dev/logmon-ts/src/LogWatcher/index.ts": {"path":"/Users/loup/dev/logmon-ts/src/LogWatcher/index.ts","statementMap":{"0":{"start":{"line":2,"column":0},"end":{"line":2,"column":29}}},"fnMap":{},"branchMap":{},"s":{"0":1},"f":{},"b":{}}
,"/Users/loup/dev/logmon-ts/src/Models/LogLineFactory.ts": {"path":"/Users/loup/dev/logmon-ts/src/Models/LogLineFactory.ts","statementMap":{"0":{"start":{"line":1,"column":0},"end":{"line":1,"column":33}},"1":{"start":{"line":3,"column":0},"end":{"line":3,"column":59}},"2":{"start":{"line":6,"column":16},"end":{"line":6,"column":151}},"3":{"start":{"line":6,"column":22},"end":{"line":6,"column":151}},"4":{"start":{"line":11,"column":13},"end":{"line":32,"column":2}},"5":{"start":{"line":12,"column":4},"end":{"line":12,"column":35}},"6":{"start":{"line":12,"column":23},"end":{"line":12,"column":35}},"7":{"start":{"line":13,"column":23},"end":{"line":13,"column":34}},"8":{"start":{"line":14,"column":4},"end":{"line":14,"column":39}},"9":{"start":{"line":14,"column":27},"end":{"line":14,"column":39}},"10":{"start":{"line":15,"column":19},"end":{"line":15,"column":39}},"11":{"start":{"line":16,"column":4},"end":{"line":16,"column":37}},"12":{"start":{"line":16,"column":25},"end":{"line":16,"column":37}},"13":{"start":{"line":18,"column":28},"end":{"line":18,"column":79}},"14":{"start":{"line":20,"column":12},"end":{"line":28,"column":14}},"15":{"start":{"line":31,"column":4},"end":{"line":31,"column":16}}},"fnMap":{"0":{"name":"(anonymous_0)","decl":{"start":{"line":6,"column":16},"end":{"line":6,"column":19}},"loc":{"start":{"line":6,"column":22},"end":{"line":6,"column":151}}},"1":{"name":"(anonymous_1)","decl":{"start":{"line":11,"column":43},"end":{"line":11,"column":44}},"loc":{"start":{"line":11,"column":52},"end":{"line":32,"column":1}}}},"branchMap":{"0":{"loc":{"start":{"line":12,"column":4},"end":{"line":12,"column":35}},"type":"if","locations":[{"start":{"line":12,"column":4},"end":{"line":12,"column":35}},{"start":{"line":12,"column":4},"end":{"line":12,"column":35}}]},"1":{"loc":{"start":{"line":14,"column":4},"end":{"line":14,"column":39}},"type":"if","locations":[{"start":{"line":14,"column":4},"end":{"line":14,"column":39}},{"start":{"line":14,"column":4},"end":{"line":14,"column":39}}]},"2":{"loc":{"start":{"line":16,"column":4},"end":{"line":16,"column":37}},"type":"if","locations":[{"start":{"line":16,"column":4},"end":{"line":16,"column":37}},{"start":{"line":16,"column":4},"end":{"line":16,"column":37}}]}},"s":{"0":2,"1":2,"2":2,"3":9,"4":2,"5":10,"6":0,"7":10,"8":10,"9":1,"10":9,"11":9,"12":1,"13":8,"14":8,"15":0},"f":{"0":9,"1":10},"b":{"0":[0,10],"1":[1,9],"2":[1,8]}}
,"/Users/loup/dev/logmon-ts/src/Models/RequestLineFactory.ts": {"path":"/Users/loup/dev/logmon-ts/src/Models/RequestLineFactory.ts","statementMap":{"0":{"start":{"line":1,"column":0},"end":{"line":1,"column":34}},"1":{"start":{"line":4,"column":16},"end":{"line":4,"column":73}},"2":{"start":{"line":4,"column":22},"end":{"line":4,"column":73}},"3":{"start":{"line":7,"column":4},"end":{"line":7,"column":35}},"4":{"start":{"line":7,"column":23},"end":{"line":7,"column":35}},"5":{"start":{"line":8,"column":23},"end":{"line":8,"column":34}},"6":{"start":{"line":9,"column":4},"end":{"line":9,"column":39}},"7":{"start":{"line":9,"column":27},"end":{"line":9,"column":39}},"8":{"start":{"line":10,"column":19},"end":{"line":10,"column":39}},"9":{"start":{"line":11,"column":4},"end":{"line":11,"column":37}},"10":{"start":{"line":11,"column":25},"end":{"line":11,"column":37}},"11":{"start":{"line":13,"column":8},"end":{"line":17,"column":10}},"12":{"start":{"line":19,"column":4},"end":{"line":19,"column":16}},"13":{"start":{"line":6,"column":0},"end":{"line":6,"column":16}}},"fnMap":{"0":{"name":"(anonymous_0)","decl":{"start":{"line":4,"column":16},"end":{"line":4,"column":19}},"loc":{"start":{"line":4,"column":22},"end":{"line":4,"column":73}}},"1":{"name":"createFrom","decl":{"start":{"line":6,"column":16},"end":{"line":6,"column":26}},"loc":{"start":{"line":6,"column":39},"end":{"line":20,"column":1}}}},"branchMap":{"0":{"loc":{"start":{"line":7,"column":4},"end":{"line":7,"column":35}},"type":"if","locations":[{"start":{"line":7,"column":4},"end":{"line":7,"column":35}},{"start":{"line":7,"column":4},"end":{"line":7,"column":35}}]},"1":{"loc":{"start":{"line":9,"column":4},"end":{"line":9,"column":39}},"type":"if","locations":[{"start":{"line":9,"column":4},"end":{"line":9,"column":39}},{"start":{"line":9,"column":4},"end":{"line":9,"column":39}}]},"2":{"loc":{"start":{"line":11,"column":4},"end":{"line":11,"column":37}},"type":"if","locations":[{"start":{"line":11,"column":4},"end":{"line":11,"column":37}},{"start":{"line":11,"column":4},"end":{"line":11,"column":37}}]}},"s":{"0":3,"1":3,"2":13,"3":14,"4":0,"5":14,"6":14,"7":1,"8":13,"9":13,"10":1,"11":12,"12":0,"13":3},"f":{"0":13,"1":14},"b":{"0":[0,14],"1":[1,13],"2":[1,12]}}
,"/Users/loup/dev/logmon-ts/src/Stats/defaultStates.ts": {"path":"/Users/loup/dev/logmon-ts/src/Stats/defaultStates.ts","statementMap":{"0":{"start":{"line":1,"column":0},"end":{"line":1,"column":38}},"1":{"start":{"line":4,"column":13},"end":{"line":8,"column":3}},"2":{"start":{"line":10,"column":13},"end":{"line":13,"column":3}},"3":{"start":{"line":10,"column":58},"end":{"line":12,"column":null}},"4":{"start":{"line":15,"column":13},"end":{"line":19,"column":3}},"5":{"start":{"line":21,"column":13},"end":{"line":28,"column":3}},"6":{"start":{"line":21,"column":48},"end":{"line":27,"column":null}}},"fnMap":{"0":{"name":"(anonymous_1)","decl":{"start":{"line":10,"column":52},"end":{"line":10,"column":55}},"loc":{"start":{"line":10,"column":58},"end":{"line":12,"column":null}}},"1":{"name":"(anonymous_3)","decl":{"start":{"line":21,"column":42},"end":{"line":21,"column":45}},"loc":{"start":{"line":21,"column":48},"end":{"line":27,"column":null}}}},"branchMap":{},"s":{"0":4,"1":4,"2":4,"3":20,"4":4,"5":4,"6":3},"f":{"0":20,"1":3},"b":{}}
,"/Users/loup/dev/logmon-ts/src/Stats/reducers.ts": {"path":"/Users/loup/dev/logmon-ts/src/Stats/reducers.ts","statementMap":{"0":{"start":{"line":2,"column":0},"end":{"line":2,"column":52}},"1":{"start":{"line":4,"column":0},"end":{"line":4,"column":42}},"2":{"start":{"line":5,"column":0},"end":{"line":5,"column":44}},"3":{"start":{"line":7,"column":13},"end":{"line":8,"column":53}},"4":{"start":{"line":8,"column":4},"end":{"line":8,"column":52}},"5":{"start":{"line":10,"column":19},"end":{"line":11,"column":13}},"6":{"start":{"line":11,"column":4},"end":{"line":11,"column":13}},"7":{"start":{"line":13,"column":22},"end":{"line":14,"column":17}},"8":{"start":{"line":14,"column":4},"end":{"line":14,"column":17}},"9":{"start":{"line":16,"column":22},"end":{"line":20,"column":2}},"10":{"start":{"line":22,"column":23},"end":{"line":28,"column":2}},"11":{"start":{"line":22,"column":46},"end":{"line":28,"column":2}},"12":{"start":{"line":23,"column":4},"end":{"line":27,"column":7}},"13":{"start":{"line":30,"column":27},"end":{"line":35,"column":1}},"14":{"start":{"line":31,"column":4},"end":{"line":34,"column":29}},"15":{"start":{"line":31,"column":37},"end":{"line":33,"column":null}},"16":{"start":{"line":37,"column":13},"end":{"line":62,"column":2}},"17":{"start":{"line":38,"column":21},"end":{"line":38,"column":45}},"18":{"start":{"line":42,"column":7},"end":{"line":42,"column":18}},"19":{"start":{"line":45,"column":8},"end":{"line":45,"column":104}},"20":{"start":{"line":47,"column":8},"end":{"line":47,"column":122}},"21":{"start":{"line":51,"column":8},"end":{"line":51,"column":32}},"22":{"start":{"line":52,"column":8},"end":{"line":52,"column":104}},"23":{"start":{"line":57,"column":12},"end":{"line":57,"column":85}},"24":{"start":{"line":59,"column":8},"end":{"line":59,"column":31}},"25":{"start":{"line":61,"column":4},"end":{"line":61,"column":20}},"26":{"start":{"line":66,"column":13},"end":{"line":80,"column":null}},"27":{"start":{"line":68,"column":25},"end":{"line":68,"column":65}},"28":{"start":{"line":70,"column":4},"end":{"line":79,"column":6}}},"fnMap":{"0":{"name":"(anonymous_0)","decl":{"start":{"line":7,"column":28},"end":{"line":7,"column":29}},"loc":{"start":{"line":8,"column":4},"end":{"line":8,"column":52}}},"1":{"name":"(anonymous_1)","decl":{"start":{"line":10,"column":19},"end":{"line":10,"column":20}},"loc":{"start":{"line":11,"column":4},"end":{"line":11,"column":13}}},"2":{"name":"(anonymous_2)","decl":{"start":{"line":13,"column":22},"end":{"line":13,"column":23}},"loc":{"start":{"line":14,"column":4},"end":{"line":14,"column":17}}},"3":{"name":"(anonymous_4)","decl":{"start":{"line":22,"column":23},"end":{"line":22,"column":24}},"loc":{"start":{"line":22,"column":46},"end":{"line":28,"column":2}}},"4":{"name":"(anonymous_5)","decl":{"start":{"line":22,"column":73},"end":{"line":22,"column":74}},"loc":{"start":{"line":22,"column":81},"end":{"line":28,"column":1}}},"5":{"name":"(anonymous_6)","decl":{"start":{"line":30,"column":27},"end":{"line":30,"column":28}},"loc":{"start":{"line":30,"column":54},"end":{"line":35,"column":1}}},"6":{"name":"(anonymous_7)","decl":{"start":{"line":31,"column":24},"end":{"line":31,"column":25}},"loc":{"start":{"line":31,"column":37},"end":{"line":33,"column":null}}},"7":{"name":"(anonymous_8)","decl":{"start":{"line":37,"column":27},"end":{"line":37,"column":28}},"loc":{"start":{"line":37,"column":123},"end":{"line":62,"column":1}}},"8":{"name":"(anonymous_9)","decl":{"start":{"line":66,"column":40},"end":{"line":66,"column":41}},"loc":{"start":{"line":66,"column":74},"end":{"line":80,"column":1}}}},"branchMap":{"0":{"loc":{"start":{"line":8,"column":35},"end":{"line":8,"column":40}},"type":"cond-expr","locations":[{"start":{"line":8,"column":35},"end":{"line":8,"column":40}},{"start":{"line":8,"column":43},"end":{"line":8,"column":52}}]},"1":{"loc":{"start":{"line":8,"column":4},"end":{"line":8,"column":16}},"type":"binary-expr","locations":[{"start":{"line":8,"column":4},"end":{"line":8,"column":16}},{"start":{"line":8,"column":20},"end":{"line":8,"column":32}}]},"2":{"loc":{"start":{"line":50,"column":8},"end":{"line":50,"column":57}},"type":"binary-expr","locations":[{"start":{"line":50,"column":8},"end":{"line":50,"column":57}},{"start":{"line":50,"column":61},"end":{"line":50,"column":83}}]},"3":{"loc":{"start":{"line":73,"column":14},"end":{"line":73,"column":32}},"type":"cond-expr","locations":[{"start":{"line":73,"column":14},"end":{"line":73,"column":32}},{"start":{"line":74,"column":14},"end":{"line":74,"column":34}}]}},"s":{"0":3,"1":3,"2":3,"3":3,"4":2,"5":3,"6":0,"7":3,"8":0,"9":3,"10":3,"11":0,"12":0,"13":3,"14":0,"15":0,"16":3,"17":8,"18":8,"19":3,"20":5,"21":3,"22":3,"23":1,"24":2,"25":8,"26":3,"27":0,"28":0},"f":{"0":2,"1":0,"2":0,"3":0,"4":0,"5":0,"6":0,"7":8,"8":0},"b":{"0":[1,1],"1":[2,2],"2":[8,3],"3":[0,0]}}
,"/Users/loup/dev/logmon-ts/src/Stats/utils.ts": {"path":"/Users/loup/dev/logmon-ts/src/Stats/utils.ts","statementMap":{"0":{"start":{"line":1,"column":0},"end":{"line":1,"column":37}},"1":{"start":{"line":10,"column":13},"end":{"line":14,"column":3}},"2":{"start":{"line":16,"column":13},"end":{"line":17,"column":68}},"3":{"start":{"line":17,"column":4},"end":{"line":17,"column":67}},"4":{"start":{"line":17,"column":40},"end":{"line":17,"column":55}},"5":{"start":{"line":19,"column":13},"end":{"line":22,"column":3}},"6":{"start":{"line":19,"column":65},"end":{"line":21,"column":null}},"7":{"start":{"line":25,"column":4},"end":{"line":34,"column":41}},"8":{"start":{"line":26,"column":23},"end":{"line":26,"column":57}},"9":{"start":{"line":27,"column":20},"end":{"line":29,"column":null}},"10":{"start":{"line":32,"column":27},"end":{"line":32,"column":69}},"11":{"start":{"line":33,"column":12},"end":{"line":33,"column":44}},"12":{"start":{"line":24,"column":0},"end":{"line":24,"column":16}}},"fnMap":{"0":{"name":"(anonymous_1)","decl":{"start":{"line":16,"column":51},"end":{"line":16,"column":52}},"loc":{"start":{"line":17,"column":4},"end":{"line":17,"column":67}}},"1":{"name":"(anonymous_2)","decl":{"start":{"line":17,"column":24},"end":{"line":17,"column":25}},"loc":{"start":{"line":17,"column":40},"end":{"line":17,"column":55}}},"2":{"name":"(anonymous_3)","decl":{"start":{"line":19,"column":45},"end":{"line":19,"column":46}},"loc":{"start":{"line":19,"column":65},"end":{"line":21,"column":null}}},"3":{"name":"groupBySections","decl":{"start":{"line":24,"column":16},"end":{"line":24,"column":31}},"loc":{"start":{"line":24,"column":48},"end":{"line":35,"column":1}}},"4":{"name":"(anonymous_5)","decl":{"start":{"line":26,"column":16},"end":{"line":26,"column":17}},"loc":{"start":{"line":26,"column":23},"end":{"line":26,"column":57}}},"5":{"name":"(anonymous_6)","decl":{"start":{"line":27,"column":13},"end":{"line":27,"column":14}},"loc":{"start":{"line":27,"column":20},"end":{"line":29,"column":null}}},"6":{"name":"(anonymous_7)","decl":{"start":{"line":31,"column":16},"end":{"line":31,"column":17}},"loc":{"start":{"line":31,"column":30},"end":{"line":34,"column":9}}}},"branchMap":{},"s":{"0":4,"1":4,"2":4,"3":0,"4":0,"5":4,"6":0,"7":2,"8":5,"9":5,"10":5,"11":5,"12":4},"f":{"0":0,"1":0,"2":0,"3":2,"4":5,"5":5,"6":5},"b":{}}
,"/Users/loup/dev/logmon-ts/src/TailWatcher/TailWatcher.ts": {"path":"/Users/loup/dev/logmon-ts/src/TailWatcher/TailWatcher.ts","statementMap":{"0":{"start":{"line":7,"column":12},"end":{"line":7,"column":23}},"1":{"start":{"line":12,"column":8},"end":{"line":12,"column":35}},"2":{"start":{"line":13,"column":8},"end":{"line":13,"column":31}},"3":{"start":{"line":17,"column":8},"end":{"line":23,"column":11}},"4":{"start":{"line":18,"column":24},"end":{"line":18,"column":34}},"5":{"start":{"line":20,"column":16},"end":{"line":20,"column":78}},"6":{"start":{"line":22,"column":12},"end":{"line":22,"column":30}},"7":{"start":{"line":5,"column":0},"end":{"line":5,"column":13}}},"fnMap":{"0":{"name":"(anonymous_0)","decl":{"start":{"line":11,"column":4},"end":{"line":11,"column":16}},"loc":{"start":{"line":11,"column":61},"end":{"line":14,"column":5}}},"1":{"name":"(anonymous_1)","decl":{"start":{"line":16,"column":11},"end":{"line":16,"column":16}},"loc":{"start":{"line":16,"column":47},"end":{"line":24,"column":5}}},"2":{"name":"(anonymous_2)","decl":{"start":{"line":17,"column":27},"end":{"line":17,"column":28}},"loc":{"start":{"line":17,"column":47},"end":{"line":23,"column":9}}}},"branchMap":{},"s":{"0":3,"1":3,"2":3,"3":2,"4":5,"5":4,"6":5,"7":2},"f":{"0":3,"1":2,"2":5},"b":{}}
,"/Users/loup/dev/logmon-ts/src/TailWatcher/index.ts": {"path":"/Users/loup/dev/logmon-ts/src/TailWatcher/index.ts","statementMap":{"0":{"start":{"line":2,"column":0},"end":{"line":2,"column":30}}},"fnMap":{},"branchMap":{},"s":{"0":2},"f":{},"b":{}}
,"/Users/loup/dev/logmon-ts/src/TimerMonitor/TimerMonitor.ts": {"path":"/Users/loup/dev/logmon-ts/src/TimerMonitor/TimerMonitor.ts","statementMap":{"0":{"start":{"line":6,"column":12},"end":{"line":6,"column":35}},"1":{"start":{"line":9,"column":8},"end":{"line":9,"column":33}},"2":{"start":{"line":13,"column":8},"end":{"line":13,"column":29}},"3":{"start":{"line":17,"column":29},"end":{"line":17,"column":47}},"4":{"start":{"line":18,"column":8},"end":{"line":18,"column":30}},"5":{"start":{"line":19,"column":8},"end":{"line":19,"column":59}},"6":{"start":{"line":19,"column":25},"end":{"line":19,"column":42}},"7":{"start":{"line":23,"column":29},"end":{"line":23,"column":39}},"8":{"start":{"line":24,"column":8},"end":{"line":24,"column":24}},"9":{"start":{"line":25,"column":8},"end":{"line":25,"column":28}},"10":{"start":{"line":4,"column":0},"end":{"line":4,"column":13}}},"fnMap":{"0":{"name":"(anonymous_0)","decl":{"start":{"line":8,"column":4},"end":{"line":8,"column":16}},"loc":{"start":{"line":8,"column":32},"end":{"line":10,"column":5}}},"1":{"name":"(anonymous_1)","decl":{"start":{"line":12,"column":11},"end":{"line":12,"column":16}},"loc":{"start":{"line":12,"column":30},"end":{"line":14,"column":5}}},"2":{"name":"(anonymous_2)","decl":{"start":{"line":16,"column":11},"end":{"line":16,"column":14}},"loc":{"start":{"line":16,"column":51},"end":{"line":20,"column":5}}},"3":{"name":"(anonymous_3)","decl":{"start":{"line":19,"column":19},"end":{"line":19,"column":22}},"loc":{"start":{"line":19,"column":25},"end":{"line":19,"column":42}}},"4":{"name":"(anonymous_4)","decl":{"start":{"line":22,"column":12},"end":{"line":22,"column":23}},"loc":{"start":{"line":22,"column":23},"end":{"line":26,"column":5}}}},"branchMap":{},"s":{"0":2,"1":2,"2":4,"3":2,"4":2,"5":2,"6":1,"7":2,"8":2,"9":2,"10":2},"f":{"0":2,"1":4,"2":2,"3":1,"4":2},"b":{}}
,"/Users/loup/dev/logmon-ts/src/TimerMonitor/index.ts": {"path":"/Users/loup/dev/logmon-ts/src/TimerMonitor/index.ts","statementMap":{"0":{"start":{"line":2,"column":0},"end":{"line":2,"column":31}}},"fnMap":{},"branchMap":{},"s":{"0":2},"f":{},"b":{}}
,"/Users/loup/dev/logmon-ts/src/Utils/index.ts": {"path":"/Users/loup/dev/logmon-ts/src/Utils/index.ts","statementMap":{"0":{"start":{"line":3,"column":8},"end":{"line":3,"column":18}},"1":{"start":{"line":5,"column":4},"end":{"line":5,"column":57}},"2":{"start":{"line":5,"column":29},"end":{"line":5,"column":55}},"3":{"start":{"line":1,"column":0},"end":{"line":1,"column":16}}},"fnMap":{"0":{"name":"filterEmptyString","decl":{"start":{"line":1,"column":16},"end":{"line":1,"column":33}},"loc":{"start":{"line":1,"column":47},"end":{"line":6,"column":1}}},"1":{"name":"(anonymous_1)","decl":{"start":{"line":5,"column":22},"end":{"line":5,"column":23}},"loc":{"start":{"line":5,"column":29},"end":{"line":5,"column":55}}}},"branchMap":{"0":{"loc":{"start":{"line":5,"column":29},"end":{"line":5,"column":39}},"type":"binary-expr","locations":[{"start":{"line":5,"column":29},"end":{"line":5,"column":39}},{"start":{"line":5,"column":43},"end":{"line":5,"column":55}}]}},"s":{"0":0,"1":14,"2":38,"3":4},"f":{"0":14,"1":38},"b":{"0":[38,38]}}
}
