TN:
SF:/Users/loup/dev/logmon-ts/src/Renderer.ts
FN:15,(anonymous_0)
FN:21,(anonymous_1)
FNF:2
FNH:0
FNDA:0,(anonymous_0)
FNDA:0,(anonymous_1)
DA:1,0
DA:7,0
DA:8,0
DA:9,0
DA:10,0
DA:16,0
DA:17,0
DA:18,0
DA:22,0
DA:23,0
DA:24,0
DA:25,0
DA:26,0
LF:13
LH:0
BRF:0
BRH:0
end_of_record
TN:
SF:/Users/loup/dev/logmon-ts/src/Container/index.ts
FN:25,createLogWatcher
FN:31,createTimerMonitor
FN:35,createMainReducer
FN:36,(anonymous_3)
FN:40,createGui
FNF:5
FNH:4
FNDA:1,createLogWatcher
FNDA:1,createTimerMonitor
FNDA:1,createMainReducer
FNDA:0,(anonymous_3)
FNDA:1,createGui
DA:7,1
DA:8,1
DA:9,1
DA:10,1
DA:11,1
DA:12,1
DA:13,1
DA:14,1
DA:26,1
DA:27,1
DA:28,1
DA:32,1
DA:36,1
DA:37,0
DA:41,1
DA:44,1
LF:16
LH:15
BRF:0
BRH:0
end_of_record
TN:
SF:/Users/loup/dev/logmon-ts/src/Container/nodeFs.ts
FNF:0
FNH:0
DA:1,2
DA:4,2
LF:2
LH:2
BRF:0
BRH:0
end_of_record
TN:
SF:/Users/loup/dev/logmon-ts/src/FileSystem/PollingFileWatcher.ts
FN:17,(anonymous_0)
FN:25,(anonymous_1)
FNF:2
FNH:2
FNDA:8,(anonymous_0)
FNDA:19,(anonymous_1)
DA:10,3
DA:13,8
DA:18,8
DA:20,7
DA:21,7
DA:22,7
DA:27,16
DA:30,7
DA:31,7
DA:35,19
LF:10
LH:10
BRDA:17,0,0,6
BRDA:18,1,0,1
BRDA:18,1,1,7
BRF:3
BRH:3
end_of_record
TN:
SF:/Users/loup/dev/logmon-ts/src/FileSystem/index.ts
FNF:0
FNH:0
DA:3,1
DA:6,1
LF:2
LH:2
BRF:0
BRH:0
end_of_record
TN:
SF:/Users/loup/dev/logmon-ts/src/FileSystem/readBlock.ts
FN:5,(anonymous_0)
FN:8,(anonymous_1)
FNF:2
FNH:2
FNDA:1,(anonymous_0)
FNDA:1,(anonymous_1)
DA:1,2
DA:2,2
DA:5,2
DA:6,1
DA:7,1
DA:8,1
DA:10,1
LF:7
LH:7
BRF:0
BRH:0
end_of_record
TN:
SF:/Users/loup/dev/logmon-ts/src/GUI/render.ts
FN:5,(anonymous_0)
FN:8,getBatch
FN:17,createGui
FN:20,most
FN:28,(anonymous_4)
FN:31,(anonymous_5)
FN:35,(anonymous_6)
FN:67,(anonymous_7)
FN:69,(anonymous_8)
FN:70,(anonymous_9)
FN:79,displaySections
FNF:11
FNH:11
FNDA:7,(anonymous_0)
FNDA:4,getBatch
FNDA:5,createGui
FNDA:8,most
FNDA:1,(anonymous_4)
FNDA:1,(anonymous_5)
FNDA:4,(anonymous_6)
FNDA:2,(anonymous_7)
FNDA:3,(anonymous_8)
FNDA:3,(anonymous_9)
FNDA:4,displaySections
DA:3,2
DA:5,2
DA:6,7
DA:8,2
DA:9,4
DA:17,2
DA:21,8
DA:23,2
DA:25,6
DA:28,5
DA:29,1
DA:31,5
DA:32,1
DA:34,5
DA:36,4
DA:37,4
DA:38,4
DA:39,4
DA:42,2
DA:44,1
DA:45,1
DA:46,1
DA:48,1
DA:49,1
DA:50,1
DA:54,4
DA:59,4
DA:60,4
DA:61,4
DA:62,4
DA:63,4
DA:66,4
DA:67,2
DA:69,4
DA:70,4
DA:71,4
DA:72,4
DA:73,4
DA:74,4
DA:75,4
DA:76,4
DA:77,4
DA:81,2
DA:85,4
DA:86,4
DA:87,4
DA:88,4
DA:90,4
DA:91,4
DA:92,4
DA:93,4
DA:95,1
DA:97,3
DA:100,4
DA:101,4
DA:102,4
LF:56
LH:56
BRDA:6,0,0,1
BRDA:6,0,1,6
BRDA:9,1,0,4
BRDA:9,1,1,3
BRDA:43,2,0,2
BRDA:43,2,1,2
BRDA:47,3,0,1
BRDA:47,3,1,1
BRF:8
BRH:8
end_of_record
TN:
SF:/Users/loup/dev/logmon-ts/src/LogWatcher/LogWatcher.ts
FN:12,(anonymous_0)
FN:17,(anonymous_1)
FN:21,(anonymous_2)
FN:25,(anonymous_3)
FN:26,(anonymous_4)
FN:34,(anonymous_5)
FNF:6
FNH:5
FNDA:6,(anonymous_0)
FNDA:4,(anonymous_1)
FNDA:0,(anonymous_2)
FNDA:3,(anonymous_3)
FNDA:2,(anonymous_4)
FNDA:1,(anonymous_5)
DA:6,3
DA:8,6
DA:13,6
DA:14,6
DA:19,3
DA:21,1
DA:26,3
DA:27,2
DA:29,1
DA:36,1
LF:10
LH:10
BRF:0
BRH:0
end_of_record
TN:
SF:/Users/loup/dev/logmon-ts/src/LogWatcher/index.ts
FNF:0
FNH:0
DA:2,1
LF:1
LH:1
BRF:0
BRH:0
end_of_record
TN:
SF:/Users/loup/dev/logmon-ts/src/Models/LogLineFactory.ts
FN:6,(anonymous_0)
FN:11,(anonymous_1)
FNF:2
FNH:2
FNDA:9,(anonymous_0)
FNDA:10,(anonymous_1)
DA:1,2
DA:3,2
DA:6,9
DA:11,2
DA:12,10
DA:13,10
DA:14,10
DA:15,9
DA:16,9
DA:18,8
DA:20,8
DA:31,0
LF:12
LH:11
BRDA:12,0,0,0
BRDA:12,0,1,10
BRDA:14,1,0,1
BRDA:14,1,1,9
BRDA:16,2,0,1
BRDA:16,2,1,8
BRF:6
BRH:5
end_of_record
TN:
SF:/Users/loup/dev/logmon-ts/src/Models/RequestLineFactory.ts
FN:4,(anonymous_0)
FN:6,createFrom
FNF:2
FNH:2
FNDA:13,(anonymous_0)
FNDA:14,createFrom
DA:1,3
DA:4,13
DA:6,3
DA:7,14
DA:8,14
DA:9,14
DA:10,13
DA:11,13
DA:13,12
DA:19,0
LF:10
LH:9
BRDA:7,0,0,0
BRDA:7,0,1,14
BRDA:9,1,0,1
BRDA:9,1,1,13
BRDA:11,2,0,1
BRDA:11,2,1,12
BRF:6
BRH:5
end_of_record
TN:
SF:/Users/loup/dev/logmon-ts/src/Stats/defaultStates.ts
FN:10,(anonymous_1)
FN:21,(anonymous_3)
FNF:2
FNH:2
FNDA:20,(anonymous_1)
FNDA:3,(anonymous_3)
DA:1,4
DA:4,4
DA:10,20
DA:15,4
DA:21,4
LF:5
LH:5
BRF:0
BRH:0
end_of_record
TN:
SF:/Users/loup/dev/logmon-ts/src/Stats/reducers.ts
FN:7,(anonymous_0)
FN:10,(anonymous_1)
FN:13,(anonymous_2)
FN:22,(anonymous_4)
FN:22,(anonymous_5)
FN:30,(anonymous_6)
FN:31,(anonymous_7)
FN:37,(anonymous_8)
FN:66,(anonymous_9)
FNF:9
FNH:2
FNDA:2,(anonymous_0)
FNDA:0,(anonymous_1)
FNDA:0,(anonymous_2)
FNDA:0,(anonymous_4)
FNDA:0,(anonymous_5)
FNDA:0,(anonymous_6)
FNDA:0,(anonymous_7)
FNDA:8,(anonymous_8)
FNDA:0,(anonymous_9)
DA:2,3
DA:4,3
DA:5,3
DA:7,3
DA:8,2
DA:10,3
DA:11,0
DA:13,3
DA:14,0
DA:16,3
DA:22,3
DA:23,0
DA:30,3
DA:31,0
DA:37,3
DA:38,8
DA:42,8
DA:45,3
DA:47,5
DA:51,3
DA:52,3
DA:57,1
DA:59,2
DA:61,8
DA:66,3
DA:68,0
DA:70,0
LF:27
LH:21
BRDA:8,0,0,1
BRDA:8,0,1,1
BRDA:8,1,0,2
BRDA:8,1,1,2
BRDA:50,2,0,8
BRDA:50,2,1,3
BRDA:73,3,0,0
BRDA:73,3,1,0
BRF:8
BRH:6
end_of_record
TN:
SF:/Users/loup/dev/logmon-ts/src/Stats/utils.ts
FN:16,(anonymous_1)
FN:17,(anonymous_2)
FN:19,(anonymous_3)
FN:24,groupBySections
FN:26,(anonymous_5)
FN:27,(anonymous_6)
FN:31,(anonymous_7)
FNF:7
FNH:4
FNDA:0,(anonymous_1)
FNDA:0,(anonymous_2)
FNDA:0,(anonymous_3)
FNDA:2,groupBySections
FNDA:5,(anonymous_5)
FNDA:5,(anonymous_6)
FNDA:5,(anonymous_7)
DA:1,4
DA:10,4
DA:16,4
DA:17,0
DA:19,4
DA:24,4
DA:25,2
DA:26,5
DA:27,5
DA:32,5
DA:33,5
LF:11
LH:10
BRF:0
BRH:0
end_of_record
TN:
SF:/Users/loup/dev/logmon-ts/src/TailWatcher/TailWatcher.ts
FN:11,(anonymous_0)
FN:16,(anonymous_1)
FN:17,(anonymous_2)
FNF:3
FNH:3
FNDA:3,(anonymous_0)
FNDA:2,(anonymous_1)
FNDA:5,(anonymous_2)
DA:5,2
DA:7,3
DA:12,3
DA:13,3
DA:17,2
DA:18,5
DA:20,4
DA:22,5
LF:8
LH:8
BRF:0
BRH:0
end_of_record
TN:
SF:/Users/loup/dev/logmon-ts/src/TailWatcher/index.ts
FNF:0
FNH:0
DA:2,2
LF:1
LH:1
BRF:0
BRH:0
end_of_record
TN:
SF:/Users/loup/dev/logmon-ts/src/TimerMonitor/TimerMonitor.ts
FN:8,(anonymous_0)
FN:12,(anonymous_1)
FN:16,(anonymous_2)
FN:19,(anonymous_3)
FN:22,(anonymous_4)
FNF:5
FNH:5
FNDA:2,(anonymous_0)
FNDA:4,(anonymous_1)
FNDA:2,(anonymous_2)
FNDA:1,(anonymous_3)
FNDA:2,(anonymous_4)
DA:4,2
DA:6,2
DA:9,2
DA:13,4
DA:17,2
DA:18,2
DA:19,2
DA:23,2
DA:24,2
DA:25,2
LF:10
LH:10
BRF:0
BRH:0
end_of_record
TN:
SF:/Users/loup/dev/logmon-ts/src/TimerMonitor/index.ts
FNF:0
FNH:0
DA:2,2
LF:1
LH:1
BRF:0
BRH:0
end_of_record
TN:
SF:/Users/loup/dev/logmon-ts/src/Utils/index.ts
FN:1,filterEmptyString
FN:5,(anonymous_1)
FNF:2
FNH:2
FNDA:14,filterEmptyString
FNDA:38,(anonymous_1)
DA:1,4
DA:3,0
DA:5,38
LF:3
LH:2
BRDA:5,0,0,38
BRDA:5,0,1,38
BRF:2
BRH:2
end_of_record
